<?xml version="1.0" encoding="UTF-8"?>
<!-- Generated by org.testng.reporters.JUnitReportReporter -->
<testsuite skipped="0" hostname="DESKTOP-IK5TT1R" name="com.crm.genericLib.ExecutTests" tests="2" failures="0" timestamp="2019-10-17T10:11:35 IST" time="4.356" errors="0">
  <testcase name="clicknewcampingpage" time="2.468" classname="com.crm.genericLib.ExecutTests"/>
  <testcase name="opennewcampingpage" time="1.888" classname="com.crm.genericLib.ExecutTests"/>
</testsuite> <!-- com.crm.genericLib.ExecutTests -->
